[2023-05-24 00:04:02] INFO root fetch - main [MainThread]: Get Changelog since Serial: [18220408]
[2023-05-24 00:04:06] INFO root fetch - main [MainThread]: Found 12 changed packages
[2023-05-24 00:04:06] INFO root fetch - processPackages [ThreadPoolExecutor-0_0]: Start processing: torchgfn
[2023-05-24 00:04:06] INFO root fetch - processPackages [ThreadPoolExecutor-0_1]: Start processing: cengal
[2023-05-24 00:04:06] INFO root fetch - processPackages [ThreadPoolExecutor-0_2]: Start processing: html-msg
[2023-05-24 00:04:06] INFO root fetch - processPackages [ThreadPoolExecutor-0_3]: Start processing: deamons
[2023-05-24 00:04:06] INFO root fetch - processPackages [ThreadPoolExecutor-0_4]: Start processing: djangocms-simple-admin-style
[2023-05-24 00:04:06] INFO root fetch - processPackages [ThreadPoolExecutor-0_5]: Start processing: versions
[2023-05-24 00:04:06] INFO root fetch - processPackages [ThreadPoolExecutor-0_6]: Start processing: trulens-eval
[2023-05-24 00:04:06] INFO root fetch - processPackages [ThreadPoolExecutor-0_7]: Start processing: pywinrequest
[2023-05-24 00:04:06] INFO root fetch - processPackages [ThreadPoolExecutor-0_8]: Start processing: melexis-i2c-stick
[2023-05-24 00:04:06] INFO root fetch - processPackages [ThreadPoolExecutor-0_9]: Start processing: serverhttpy
[2023-05-24 00:04:06] INFO root fetch - processPackages [html-msg]: New version: [1.1.6] Old Version: [1.1.5]
[2023-05-24 00:04:06] INFO root fetch - processPackages [versions]: New version: [1.6.0] Old Version: [1.5.0]
[2023-05-24 00:04:06] INFO root fetch - processPackages [djangocms-simple-admin-style]: New version: [0.4.2] Old Version: [0.4.1]
[2023-05-24 00:04:06] INFO root fetch - processPackages [serverhttpy]: New version: [0.0.3] Old Version: [0.0.2]
[2023-05-24 00:04:06] WARNING root fetch - processPackages [torchgfn]: Skipping, unable to determine old version
[2023-05-24 00:04:06] INFO root fetch - processPackages [torchgfn]: Start processing: tn-crypto
[2023-05-24 00:04:06] INFO root fetch - main [MainThread]: End processing [torchgfn] error
[2023-05-24 00:04:06] WARNING root fetch - processPackages [trulens-eval]: Skipping, unable to determine old version
[2023-05-24 00:04:06] INFO root fetch - processPackages [cengal]: New version: [3.2.0.1] Old Version: [3.2.0]
[2023-05-24 00:04:06] INFO root fetch - processPackages [trulens-eval]: Start processing: appmap
[2023-05-24 00:04:06] WARNING root fetch - processPackages [pywinrequest]: Skipping, unable to determine old version
[2023-05-24 00:04:06] INFO root fetch - main [MainThread]: End processing [trulens-eval] error
[2023-05-24 00:04:06] INFO root fetch - main [MainThread]: End processing [pywinrequest] error
[2023-05-24 00:04:06] WARNING root fetch - processPackages [deamons]: Skipping, unable to determine old version
[2023-05-24 00:04:06] INFO root fetch - main [MainThread]: End processing [deamons] error
[2023-05-24 00:04:06] INFO root fetch - processPackages [melexis-i2c-stick]: New version: [0.2.0] Old Version: [0.1.5]
[2023-05-24 00:04:06] WARNING root fetch - processPackages [tn-crypto]: Skipping, unable to determine old version
[2023-05-24 00:04:06] INFO root fetch - main [MainThread]: End processing [tn-crypto] error
[2023-05-24 00:04:06] INFO root fetch - processPackages [appmap]: New version: [1.9.1] Old Version: [1.9.0]
[2023-05-24 00:04:07] INFO root fetch - processPackages [html-msg]: Downloading https://files.pythonhosted.org/packages/73/df/6a99209e67f37f5c49f226920c2c6622c74060a604c30da5b1091fdc614e/html_msg-1.1.5.tar.gz
[2023-05-24 00:04:07] INFO root fetch - processPackages [serverhttpy]: Downloading https://files.pythonhosted.org/packages/e2/f5/8289f346306151b543ca6244b7d4c6d27aa7cd8bd309081a78b3ee1cd6b9/serverhttpy-0.0.3.tar.gz
[2023-05-24 00:04:07] INFO root fetch - processPackages [cengal]: Downloading https://files.pythonhosted.org/packages/99/46/42b2ecb8a7388885aaf439f8d97a0b37f49999a66b6613fbd0a5226426c7/cengal-3.2.0.tar.gz
[2023-05-24 00:04:07] INFO root fetch - processPackages [versions]: Downloading https://files.pythonhosted.org/packages/c0/87/8f4a02597b55699feb566e3f388dba89cf93237cae4997ddda3abaa3ba39/versions-1.6.0.tar.gz
[2023-05-24 00:04:07] INFO root fetch - processPackages [djangocms-simple-admin-style]: Downloading https://files.pythonhosted.org/packages/8a/86/cfc70a00f219a99cdee6d4393343d57c9f74124de94af2f1ef867cb604ae/djangocms-simple-admin-style-0.4.2.tar.gz
[2023-05-24 00:04:07] INFO root fetch - processPackages [appmap]: Downloading https://files.pythonhosted.org/packages/f2/7e/f32f11d1f20873b6544f9429e83a6cb2a22abe5f245abba0bcd91dfe715c/appmap-1.9.0.tar.gz
[2023-05-24 00:04:07] INFO root fetch - processPackages [melexis-i2c-stick]: Downloading https://files.pythonhosted.org/packages/4d/49/75dfc88a105ad6b431e64349b9aac79f1b09b6c546a83802a855fa0ed9e6/melexis-i2c-stick-0.2.0.tar.gz
[2023-05-24 00:04:07] INFO root fetch - processPackages [serverhttpy]: executing diffoscope
[2023-05-24 00:04:07] INFO root fetch - processPackages [serverhttpy]: podman run --user 0:0 --rm -w /home/abi/fetcher -v /home/abi/fetcher/tmp:/home/abi/fetcher/tmp:ro -v /home/abi/fetcher/20230524:/home/abi/fetcher/20230524:rw registry.salsa.debian.org/reproducible-builds/diffoscope --no-progress tmp/serverhttpy-0.0.2.tar.gz tmp/serverhttpy-0.0.3.tar.gz --markdown 20230524/s/serverhttpy/0.0.2-0.0.3/diff.md --exclude *.pyd
[2023-05-24 00:04:07] INFO root fetch - processPackages [versions]: executing diffoscope
[2023-05-24 00:04:07] INFO root fetch - processPackages [versions]: podman run --user 0:0 --rm -w /home/abi/fetcher -v /home/abi/fetcher/tmp:/home/abi/fetcher/tmp:ro -v /home/abi/fetcher/20230524:/home/abi/fetcher/20230524:rw registry.salsa.debian.org/reproducible-builds/diffoscope --no-progress tmp/versions-1.5.0.tar.gz tmp/versions-1.6.0.tar.gz --markdown 20230524/v/versions/1.5.0-1.6.0/diff.md --exclude *.pyd
[2023-05-24 00:04:07] INFO root fetch - processPackages [djangocms-simple-admin-style]: executing diffoscope
[2023-05-24 00:04:07] INFO root fetch - processPackages [djangocms-simple-admin-style]: podman run --user 0:0 --rm -w /home/abi/fetcher -v /home/abi/fetcher/tmp:/home/abi/fetcher/tmp:ro -v /home/abi/fetcher/20230524:/home/abi/fetcher/20230524:rw registry.salsa.debian.org/reproducible-builds/diffoscope --no-progress tmp/djangocms-simple-admin-style-0.4.1.tar.gz tmp/djangocms-simple-admin-style-0.4.2.tar.gz --markdown 20230524/d/djangocms-simple-admin-style/0.4.1-0.4.2/diff.md --exclude *.pyd
[2023-05-24 00:04:07] INFO root fetch - processPackages [html-msg]: Downloading https://files.pythonhosted.org/packages/95/25/e75b263865b167fe01b625e4b037121a5191294c08e7c2e95a3715dcb56f/html_msg-1.1.6.tar.gz
[2023-05-24 00:04:07] INFO root fetch - processPackages [melexis-i2c-stick]: executing diffoscope
[2023-05-24 00:04:07] INFO root fetch - processPackages [melexis-i2c-stick]: podman run --user 0:0 --rm -w /home/abi/fetcher -v /home/abi/fetcher/tmp:/home/abi/fetcher/tmp:ro -v /home/abi/fetcher/20230524:/home/abi/fetcher/20230524:rw registry.salsa.debian.org/reproducible-builds/diffoscope --no-progress tmp/melexis-i2c-stick-0.1.5.tar.gz tmp/melexis-i2c-stick-0.2.0.tar.gz --markdown 20230524/m/melexis-i2c-stick/0.1.5-0.2.0/diff.md --exclude *.pyd
[2023-05-24 00:04:07] INFO root fetch - processPackages [cengal]: Downloading https://files.pythonhosted.org/packages/2e/de/ec67c18a6551527ad05091295f9224e309686b5a9225844b17bf3030f9b0/cengal-3.2.0.1.tar.gz
[2023-05-24 00:04:07] INFO root fetch - processPackages [cengal]: executing diffoscope
[2023-05-24 00:04:07] INFO root fetch - processPackages [cengal]: podman run --user 0:0 --rm -w /home/abi/fetcher -v /home/abi/fetcher/tmp:/home/abi/fetcher/tmp:ro -v /home/abi/fetcher/20230524:/home/abi/fetcher/20230524:rw registry.salsa.debian.org/reproducible-builds/diffoscope --no-progress tmp/cengal-3.2.0.tar.gz tmp/cengal-3.2.0.1.tar.gz --markdown 20230524/c/cengal/3.2.0-3.2.0.1/diff.md --exclude *.pyd
[2023-05-24 00:04:07] INFO root fetch - processPackages [appmap]: Downloading https://files.pythonhosted.org/packages/d8/c7/6ce38549b3048524dba85c7c34487c648fd10bdd5378a2654bf672a6baba/appmap-1.9.1.tar.gz
[2023-05-24 00:04:07] INFO root fetch - processPackages [html-msg]: executing diffoscope
[2023-05-24 00:04:07] INFO root fetch - processPackages [html-msg]: podman run --user 0:0 --rm -w /home/abi/fetcher -v /home/abi/fetcher/tmp:/home/abi/fetcher/tmp:ro -v /home/abi/fetcher/20230524:/home/abi/fetcher/20230524:rw registry.salsa.debian.org/reproducible-builds/diffoscope --no-progress tmp/html_msg-1.1.5.tar.gz tmp/html_msg-1.1.6.tar.gz --markdown 20230524/h/html-msg/1.1.5-1.1.6/diff.md --exclude *.pyd
[2023-05-24 00:04:07] INFO root fetch - processPackages [appmap]: executing diffoscope
[2023-05-24 00:04:07] INFO root fetch - processPackages [appmap]: podman run --user 0:0 --rm -w /home/abi/fetcher -v /home/abi/fetcher/tmp:/home/abi/fetcher/tmp:ro -v /home/abi/fetcher/20230524:/home/abi/fetcher/20230524:rw registry.salsa.debian.org/reproducible-builds/diffoscope --no-progress tmp/appmap-1.9.0.tar.gz tmp/appmap-1.9.1.tar.gz --markdown 20230524/a/appmap/1.9.0-1.9.1/diff.md --exclude *.pyd
[2023-05-24 00:04:09] INFO root fetch - main [MainThread]: End processing [html-msg]: success
[2023-05-24 00:04:09] INFO root fetch - main [MainThread]: End processing [versions]: success
[2023-05-24 00:04:09] INFO root fetch - main [MainThread]: End processing [melexis-i2c-stick]: success
[2023-05-24 00:04:09] INFO root fetch - main [MainThread]: End processing [serverhttpy]: success
[2023-05-24 00:04:09] INFO root fetch - main [MainThread]: End processing [djangocms-simple-admin-style]: success
[2023-05-24 00:04:10] ERROR root fetch - processPackages [appmap]: Diffoscope failed: Traceback (most recent call last):
  File "/srv/diffoscope/diffoscope/main.py", line 767, in main
    sys.exit(run_diffoscope(parsed_args))
             ^^^^^^^^^^^^^^^^^^^^^^^^^^^
  File "/srv/diffoscope/diffoscope/main.py", line 718, in run_diffoscope
    difference = compare_root_paths(path1, path2)
                 ^^^^^^^^^^^^^^^^^^^^^^^^^^^^^^^^
  File "/srv/diffoscope/diffoscope/comparators/utils/compare.py", line 69, in compare_root_paths
    difference = compare_files(file1, file2)
                 ^^^^^^^^^^^^^^^^^^^^^^^^^^^
  File "/srv/diffoscope/diffoscope/comparators/utils/compare.py", line 149, in compare_files
    return file1.compare(file2, source)
           ^^^^^^^^^^^^^^^^^^^^^^^^^^^^
  File "/srv/diffoscope/diffoscope/comparators/utils/file.py", line 515, in compare
    difference = self._compare_using_details(other, source)
                 ^^^^^^^^^^^^^^^^^^^^^^^^^^^^^^^^^^^^^^^^^^
  File "/srv/diffoscope/diffoscope/comparators/utils/file.py", line 450, in _compare_using_details
    details.extend(
  File "/srv/diffoscope/diffoscope/comparators/utils/container.py", line 197, in compare_pair
    difference = compare_files(
                 ^^^^^^^^^^^^^^
  File "/srv/diffoscope/diffoscope/comparators/utils/compare.py", line 149, in compare_files
    return file1.compare(file2, source)
           ^^^^^^^^^^^^^^^^^^^^^^^^^^^^
  File "/srv/diffoscope/diffoscope/comparators/utils/file.py", line 515, in compare
    difference = self._compare_using_details(other, source)
                 ^^^^^^^^^^^^^^^^^^^^^^^^^^^^^^^^^^^^^^^^^^
  File "/srv/diffoscope/diffoscope/comparators/utils/file.py", line 450, in _compare_using_details
    details.extend(
  File "/srv/diffoscope/diffoscope/comparators/utils/container.py", line 197, in compare_pair
    difference = compare_files(
                 ^^^^^^^^^^^^^^
  File "/srv/diffoscope/diffoscope/comparators/utils/compare.py", line 149, in compare_files
    return file1.compare(file2, source)
           ^^^^^^^^^^^^^^^^^^^^^^^^^^^^
  File "/srv/diffoscope/diffoscope/comparators/utils/file.py", line 515, in compare
    difference = self._compare_using_details(other, source)
                 ^^^^^^^^^^^^^^^^^^^^^^^^^^^^^^^^^^^^^^^^^^
  File "/srv/diffoscope/diffoscope/comparators/utils/file.py", line 416, in _compare_using_details
    details.extend(self.compare_details(other, source))
                   ^^^^^^^^^^^^^^^^^^^^^^^^^^^^^^^^^^^
  File "/srv/diffoscope/diffoscope/comparators/python.py", line 51, in compare_details
    describe_pyc(self.path),
    ^^^^^^^^^^^^^^^^^^^^^^^
  File "/srv/diffoscope/diffoscope/comparators/python.py", line 65, in describe_pyc
    return "\n".join(parse_pyc(f))
           ^^^^^^^^^^^^^^^^^^^^^^^
  File "/srv/diffoscope/diffoscope/comparators/python.py", line 81, in parse_pyc
    code = marshal.load(f)
           ^^^^^^^^^^^^^^^
EOFError: EOF read where object expected

[2023-05-24 00:04:10] INFO root fetch - main [MainThread]: End processing [appmap] error
[2023-05-24 00:04:23] INFO root fetch - main [MainThread]: End processing [cengal]: success
[2023-05-24 00:04:23] INFO root fetch - main [MainThread]: Store serial: [18220464]
[2023-05-24 00:09:27] INFO root fetch - main [MainThread]: Get Changelog since Serial: [18220464]
[2023-05-24 00:09:32] INFO root fetch - main [MainThread]: Found 7 changed packages
[2023-05-24 00:09:32] INFO root fetch - processPackages [ThreadPoolExecutor-0_0]: Start processing: steamship
[2023-05-24 00:09:32] INFO root fetch - processPackages [ThreadPoolExecutor-0_1]: Start processing: unyts
[2023-05-24 00:09:32] INFO root fetch - processPackages [ThreadPoolExecutor-0_2]: Start processing: versions
[2023-05-24 00:09:32] INFO root fetch - processPackages [ThreadPoolExecutor-0_3]: Start processing: raster-tools
[2023-05-24 00:09:32] INFO root fetch - processPackages [ThreadPoolExecutor-0_4]: Start processing: MyoBand
[2023-05-24 00:09:32] INFO root fetch - processPackages [ThreadPoolExecutor-0_5]: Start processing: pepperize.cdk-serverless-cluster-from-snapshot
[2023-05-24 00:09:32] INFO root fetch - processPackages [ThreadPoolExecutor-0_6]: Start processing: webviz-config
[2023-05-24 00:09:32] INFO root fetch - processPackages [unyts]: New version: [0.5.9] Old Version: [0.5.8]
[2023-05-24 00:09:32] INFO root fetch - processPackages [raster-tools]: New version: [0.1.7] Old Version: [0.1.6]
[2023-05-24 00:09:32] INFO root fetch - processPackages [steamship]: New version: [2.3.9] Old Version: [2.3.8]
[2023-05-24 00:09:32] INFO root fetch - processPackages [pepperize.cdk-serverless-cluster-from-snapshot]: New version: [0.0.99] Old Version: [0.0.98]
[2023-05-24 00:09:32] INFO root fetch - processPackages [webviz-config]: New version: [0.5.2rc0] Old Version: [0.5.2a0]
[2023-05-24 00:09:32] INFO root fetch - processPackages [versions]: New version: [1.6.1] Old Version: [1.5.0]
[2023-05-24 00:09:32] WARNING root fetch - processPackages [MyoBand]: Skipping, unable to determine old version
[2023-05-24 00:09:32] INFO root fetch - main [MainThread]: End processing [MyoBand] error
[2023-05-24 00:09:32] INFO root fetch - processPackages [unyts]: executing diffoscope
[2023-05-24 00:09:32] INFO root fetch - processPackages [unyts]: podman run --user 0:0 --rm -w /home/abi/fetcher -v /home/abi/fetcher/tmp:/home/abi/fetcher/tmp:ro -v /home/abi/fetcher/20230524:/home/abi/fetcher/20230524:rw registry.salsa.debian.org/reproducible-builds/diffoscope --no-progress tmp/unyts-0.5.8.tar.gz tmp/unyts-0.5.9.tar.gz --markdown 20230524/u/unyts/0.5.8-0.5.9/diff.md --exclude *.pyd
[2023-05-24 00:09:32] INFO root fetch - processPackages [pepperize.cdk-serverless-cluster-from-snapshot]: executing diffoscope
[2023-05-24 00:09:32] INFO root fetch - processPackages [pepperize.cdk-serverless-cluster-from-snapshot]: podman run --user 0:0 --rm -w /home/abi/fetcher -v /home/abi/fetcher/tmp:/home/abi/fetcher/tmp:ro -v /home/abi/fetcher/20230524:/home/abi/fetcher/20230524:rw registry.salsa.debian.org/reproducible-builds/diffoscope --no-progress tmp/pepperize.cdk-serverless-cluster-from-snapshot-0.0.98.tar.gz tmp/pepperize.cdk-serverless-cluster-from-snapshot-0.0.99.tar.gz --markdown 20230524/p/pepperize.cdk-serverless-cluster-from-snapshot/0.0.98-0.0.99/diff.md --exclude *.pyd
[2023-05-24 00:09:32] INFO root fetch - processPackages [steamship]: executing diffoscope
[2023-05-24 00:09:32] INFO root fetch - processPackages [steamship]: podman run --user 0:0 --rm -w /home/abi/fetcher -v /home/abi/fetcher/tmp:/home/abi/fetcher/tmp:ro -v /home/abi/fetcher/20230524:/home/abi/fetcher/20230524:rw registry.salsa.debian.org/reproducible-builds/diffoscope --no-progress tmp/steamship-2.3.8.tar.gz tmp/steamship-2.3.9.tar.gz --markdown 20230524/s/steamship/2.3.8-2.3.9/diff.md --exclude *.pyd
[2023-05-24 00:09:32] INFO root fetch - processPackages [raster-tools]: Downloading https://files.pythonhosted.org/packages/48/87/e0f9101e4a28d8c594c8835fe442a6aea2a59b075519c18cd3d6f09a7fb2/raster-tools-0.1.6.tar.gz
[2023-05-24 00:09:32] INFO root fetch - processPackages [webviz-config]: Downloading https://files.pythonhosted.org/packages/3d/7b/4d2a39f3380d4da7a4284465de695235a8642826872d0c8656378d9146f1/webviz-config-0.5.2a0.tar.gz
[2023-05-24 00:09:33] INFO root fetch - processPackages [versions]: Downloading https://files.pythonhosted.org/packages/bc/9a/c9fde739e9707dd9244719c797fc134fa5b7217d6eb7d22d962204805427/versions-1.6.1.tar.gz
[2023-05-24 00:09:33] INFO root fetch - processPackages [raster-tools]: Downloading https://files.pythonhosted.org/packages/ad/cb/68358d82dd76b5f37917d7c285feacaa1e51cce432fbc4765fa11c42c6e0/raster-tools-0.1.7.tar.gz
[2023-05-24 00:09:33] INFO root fetch - processPackages [versions]: executing diffoscope
[2023-05-24 00:09:33] INFO root fetch - processPackages [versions]: podman run --user 0:0 --rm -w /home/abi/fetcher -v /home/abi/fetcher/tmp:/home/abi/fetcher/tmp:ro -v /home/abi/fetcher/20230524:/home/abi/fetcher/20230524:rw registry.salsa.debian.org/reproducible-builds/diffoscope --no-progress tmp/versions-1.5.0.tar.gz tmp/versions-1.6.1.tar.gz --markdown 20230524/v/versions/1.5.0-1.6.1/diff.md --exclude *.pyd
[2023-05-24 00:09:33] INFO root fetch - processPackages [raster-tools]: executing diffoscope
[2023-05-24 00:09:33] INFO root fetch - processPackages [raster-tools]: podman run --user 0:0 --rm -w /home/abi/fetcher -v /home/abi/fetcher/tmp:/home/abi/fetcher/tmp:ro -v /home/abi/fetcher/20230524:/home/abi/fetcher/20230524:rw registry.salsa.debian.org/reproducible-builds/diffoscope --no-progress tmp/raster-tools-0.1.6.tar.gz tmp/raster-tools-0.1.7.tar.gz --markdown 20230524/r/raster-tools/0.1.6-0.1.7/diff.md --exclude *.pyd
[2023-05-24 00:09:33] INFO root fetch - processPackages [webviz-config]: Downloading https://files.pythonhosted.org/packages/49/f7/039572959a100aa7763f6126259390eb851da26b44cc355f3093b7b591d6/webviz-config-0.5.2rc0.tar.gz
[2023-05-24 00:09:33] INFO root fetch - processPackages [webviz-config]: executing diffoscope
[2023-05-24 00:09:33] INFO root fetch - processPackages [webviz-config]: podman run --user 0:0 --rm -w /home/abi/fetcher -v /home/abi/fetcher/tmp:/home/abi/fetcher/tmp:ro -v /home/abi/fetcher/20230524:/home/abi/fetcher/20230524:rw registry.salsa.debian.org/reproducible-builds/diffoscope --no-progress tmp/webviz-config-0.5.2a0.tar.gz tmp/webviz-config-0.5.2rc0.tar.gz --markdown 20230524/w/webviz-config/0.5.2a0-0.5.2rc0/diff.md --exclude *.pyd
[2023-05-24 00:09:34] INFO root fetch - main [MainThread]: End processing [versions]: success
[2023-05-24 00:09:34] INFO root fetch - main [MainThread]: End processing [raster-tools]: success
[2023-05-24 00:09:34] INFO root fetch - main [MainThread]: End processing [pepperize.cdk-serverless-cluster-from-snapshot]: success
[2023-05-24 00:09:34] INFO root fetch - main [MainThread]: End processing [unyts]: success
[2023-05-24 00:09:36] INFO root fetch - main [MainThread]: End processing [steamship]: success
[2023-05-24 00:09:36] INFO root fetch - main [MainThread]: End processing [webviz-config]: success
[2023-05-24 00:09:36] INFO root fetch - main [MainThread]: Store serial: [18220492]
[2023-05-24 00:14:41] INFO root fetch - main [MainThread]: Get Changelog since Serial: [18220492]
[2023-05-24 00:14:46] INFO root fetch - main [MainThread]: Found 11 changed packages
[2023-05-24 00:14:46] INFO root fetch - processPackages [ThreadPoolExecutor-0_0]: Start processing: dataconf
[2023-05-24 00:14:46] INFO root fetch - processPackages [ThreadPoolExecutor-0_1]: Start processing: opencv-stream
[2023-05-24 00:14:46] INFO root fetch - processPackages [ThreadPoolExecutor-0_2]: Start processing: pulpcore
[2023-05-24 00:14:46] INFO root fetch - processPackages [ThreadPoolExecutor-0_3]: Start processing: pulpcore-client
[2023-05-24 00:14:46] INFO root fetch - processPackages [ThreadPoolExecutor-0_4]: Start processing: MyoBand
[2023-05-24 00:14:46] INFO root fetch - processPackages [ThreadPoolExecutor-0_5]: Start processing: torchgfn
[2023-05-24 00:14:46] INFO root fetch - processPackages [ThreadPoolExecutor-0_6]: Start processing: dart-tools
[2023-05-24 00:14:46] INFO root fetch - processPackages [ThreadPoolExecutor-0_7]: Start processing: translateabc
[2023-05-24 00:14:46] INFO root fetch - processPackages [ThreadPoolExecutor-0_8]: Start processing: irisml-tasks
[2023-05-24 00:14:46] INFO root fetch - processPackages [ThreadPoolExecutor-0_9]: Start processing: np-queuey
[2023-05-24 00:14:46] WARNING root fetch - processPackages [MyoBand]: Skipping, unable to determine old version
[2023-05-24 00:14:46] INFO root fetch - processPackages [MyoBand]: Start processing: sndfileio
[2023-05-24 00:14:46] INFO root fetch - main [MainThread]: End processing [MyoBand] error
[2023-05-24 00:14:46] INFO root fetch - processPackages [np-queuey]: New version: [0.2.9] Old Version: [0.2.8]
[2023-05-24 00:14:46] WARNING root fetch - processPackages [torchgfn]: Skipping, unable to determine old version
[2023-05-24 00:14:46] INFO root fetch - main [MainThread]: End processing [torchgfn] error
[2023-05-24 00:14:46] INFO root fetch - processPackages [translateabc]: New version: [1.0.5] Old Version: [1.0.4]
[2023-05-24 00:14:46] INFO root fetch - processPackages [pulpcore]: New version: [3.9.1] Old Version: [3.9.0]
[2023-05-24 00:14:46] INFO root fetch - processPackages [dataconf]: New version: [2.2.0] Old Version: [2.1.3]
[2023-05-24 00:14:46] INFO root fetch - processPackages [irisml-tasks]: New version: [0.0.9] Old Version: [0.0.8]
[2023-05-24 00:14:46] INFO root fetch - processPackages [dart-tools]: New version: [0.3.0] Old Version: [0.2.0]
[2023-05-24 00:14:46] INFO root fetch - processPackages [np-queuey]: executing diffoscope
[2023-05-24 00:14:46] INFO root fetch - processPackages [np-queuey]: podman run --user 0:0 --rm -w /home/abi/fetcher -v /home/abi/fetcher/tmp:/home/abi/fetcher/tmp:ro -v /home/abi/fetcher/20230524:/home/abi/fetcher/20230524:rw registry.salsa.debian.org/reproducible-builds/diffoscope --no-progress tmp/np_queuey-0.2.8.tar.gz tmp/np_queuey-0.2.9.tar.gz --markdown 20230524/n/np-queuey/0.2.8-0.2.9/diff.md --exclude *.pyd
[2023-05-24 00:14:46] INFO root fetch - processPackages [opencv-stream]: New version: [0.1.0] Old Version: [0.0.9]
[2023-05-24 00:14:46] INFO root fetch - processPackages [sndfileio]: New version: [1.9.2] Old Version: [1.9.1]
[2023-05-24 00:14:46] INFO root fetch - processPackages [translateabc]: Downloading https://files.pythonhosted.org/packages/1f/46/b4d41cf428b2f67f3a284bd775227e50fc629db528cc75e3b8611b2bec3a/translateabc-1.0.5.tar.gz
[2023-05-24 00:14:46] INFO root fetch - processPackages [pulpcore]: Downloading https://files.pythonhosted.org/packages/f8/1d/71d5ee5112d508faa58a8e221cf74383b6d987ca0d17c18e2703c7f42845/pulpcore-3.9.0.tar.gz
[2023-05-24 00:14:46] INFO root fetch - processPackages [dataconf]: Downloading https://files.pythonhosted.org/packages/3e/c5/9922fb8deb686f377cd8e4e6d20dd7f42a0f5b755d408f8164e5d1b2ab4c/dataconf-2.1.3.tar.gz
[2023-05-24 00:14:46] INFO root fetch - processPackages [dart-tools]: Downloading https://files.pythonhosted.org/packages/2b/96/64ea2b72fb70b5280933a4d2739f0cb598b64816ae90a689b5bb91cc8ce0/dart-tools-0.2.0.tar.gz
[2023-05-24 00:14:46] INFO root fetch - processPackages [pulpcore-client]: New version: [3.9.1] Old Version: [3.9.0.dev1607297320]
[2023-05-24 00:14:46] INFO root fetch - processPackages [irisml-tasks]: Downloading https://files.pythonhosted.org/packages/f9/c3/617dc10d3d86277422b1376712fbcae45013c1fe00a777e78eee45fb1f31/irisml-tasks-0.0.8.tar.gz
[2023-05-24 00:14:46] INFO root fetch - processPackages [opencv-stream]: Downloading https://files.pythonhosted.org/packages/18/39/c2559a54dd6e076ea2d7aae6e0cb76bb92d4c6d72c2588dfde09da7a0cdf/opencv_stream-0.0.9.tar.gz
[2023-05-24 00:14:46] INFO root fetch - processPackages [sndfileio]: Downloading https://files.pythonhosted.org/packages/21/d9/6987d81e5d8034af478b54e486b446f61f67656e8565efe77ebaf7baa04b/sndfileio-1.9.1.tar.gz
[2023-05-24 00:14:46] INFO root fetch - processPackages [translateabc]: executing diffoscope
[2023-05-24 00:14:46] INFO root fetch - processPackages [translateabc]: podman run --user 0:0 --rm -w /home/abi/fetcher -v /home/abi/fetcher/tmp:/home/abi/fetcher/tmp:ro -v /home/abi/fetcher/20230524:/home/abi/fetcher/20230524:rw registry.salsa.debian.org/reproducible-builds/diffoscope --no-progress tmp/translateabc-1.0.4.tar.gz tmp/translateabc-1.0.5.tar.gz --markdown 20230524/t/translateabc/1.0.4-1.0.5/diff.md --exclude *.pyd
[2023-05-24 00:14:47] INFO root fetch - processPackages [pulpcore-client]: Downloading https://files.pythonhosted.org/packages/bc/86/6e7f7c30116cfa30b6bd9e4cb32992d10e7c7f831ceef210610b30707023/pulpcore-client-3.9.0.dev1607297320.tar.gz
[2023-05-24 00:14:47] INFO root fetch - processPackages [dataconf]: Downloading https://files.pythonhosted.org/packages/7f/cf/5a67bbe171e20064d5f21f031f90c89ab0c835378313396c0ad7a5e256f3/dataconf-2.2.0.tar.gz
[2023-05-24 00:14:47] INFO root fetch - processPackages [opencv-stream]: Downloading https://files.pythonhosted.org/packages/24/36/1df340b9e05a33496cd9aad0bb8b7d25f1d753dacabffba7910db3430c28/opencv_stream-0.1.0.tar.gz
[2023-05-24 00:14:47] INFO root fetch - processPackages [sndfileio]: Downloading https://files.pythonhosted.org/packages/c8/6c/6236cf3d7f655403ad60d47f8e8b9164fc20551fd0db4cc576e53f2573ea/sndfileio-1.9.2-py3-none-any.whl
[2023-05-24 00:14:47] INFO root fetch - processPackages [pulpcore]: Downloading https://files.pythonhosted.org/packages/bb/70/24516074cc53b97be0e41b4892a3f5bcf3ac34e3b7634e49e28a6ae67a49/pulpcore-3.9.1.tar.gz
[2023-05-24 00:14:47] INFO root fetch - processPackages [irisml-tasks]: Downloading https://files.pythonhosted.org/packages/75/98/971cdf4f2e7e1a8cbd90c669ad60ca4117884f745d742a5d9911b79bef87/irisml-tasks-0.0.9.tar.gz
[2023-05-24 00:14:47] INFO root fetch - processPackages [dart-tools]: Downloading https://files.pythonhosted.org/packages/bb/a5/a548ae102cf3ed3d1ff64186cb5bf780363ec09d25bdfc20f99da76d8b7a/dart-tools-0.3.0.tar.gz
[2023-05-24 00:14:47] INFO root fetch - processPackages [irisml-tasks]: executing diffoscope
[2023-05-24 00:14:47] INFO root fetch - processPackages [irisml-tasks]: podman run --user 0:0 --rm -w /home/abi/fetcher -v /home/abi/fetcher/tmp:/home/abi/fetcher/tmp:ro -v /home/abi/fetcher/20230524:/home/abi/fetcher/20230524:rw registry.salsa.debian.org/reproducible-builds/diffoscope --no-progress tmp/irisml-tasks-0.0.8.tar.gz tmp/irisml-tasks-0.0.9.tar.gz --markdown 20230524/i/irisml-tasks/0.0.8-0.0.9/diff.md --exclude *.pyd
[2023-05-24 00:14:47] INFO root fetch - processPackages [pulpcore]: executing diffoscope
[2023-05-24 00:14:47] INFO root fetch - processPackages [pulpcore]: podman run --user 0:0 --rm -w /home/abi/fetcher -v /home/abi/fetcher/tmp:/home/abi/fetcher/tmp:ro -v /home/abi/fetcher/20230524:/home/abi/fetcher/20230524:rw registry.salsa.debian.org/reproducible-builds/diffoscope --no-progress tmp/pulpcore-3.9.0.tar.gz tmp/pulpcore-3.9.1.tar.gz --markdown 20230524/p/pulpcore/3.9.0-3.9.1/diff.md --exclude *.pyd
[2023-05-24 00:14:47] INFO root fetch - processPackages [dataconf]: executing diffoscope
[2023-05-24 00:14:47] INFO root fetch - processPackages [dataconf]: podman run --user 0:0 --rm -w /home/abi/fetcher -v /home/abi/fetcher/tmp:/home/abi/fetcher/tmp:ro -v /home/abi/fetcher/20230524:/home/abi/fetcher/20230524:rw registry.salsa.debian.org/reproducible-builds/diffoscope --no-progress tmp/dataconf-2.1.3.tar.gz tmp/dataconf-2.2.0.tar.gz --markdown 20230524/d/dataconf/2.1.3-2.2.0/diff.md --exclude *.pyd
[2023-05-24 00:14:47] INFO root fetch - processPackages [opencv-stream]: executing diffoscope
[2023-05-24 00:14:47] INFO root fetch - processPackages [opencv-stream]: podman run --user 0:0 --rm -w /home/abi/fetcher -v /home/abi/fetcher/tmp:/home/abi/fetcher/tmp:ro -v /home/abi/fetcher/20230524:/home/abi/fetcher/20230524:rw registry.salsa.debian.org/reproducible-builds/diffoscope --no-progress tmp/opencv_stream-0.0.9.tar.gz tmp/opencv_stream-0.1.0.tar.gz --markdown 20230524/o/opencv-stream/0.0.9-0.1.0/diff.md --exclude *.pyd
[2023-05-24 00:14:47] INFO root fetch - processPackages [sndfileio]: executing diffoscope
[2023-05-24 00:14:47] INFO root fetch - processPackages [sndfileio]: podman run --user 0:0 --rm -w /home/abi/fetcher -v /home/abi/fetcher/tmp:/home/abi/fetcher/tmp:ro -v /home/abi/fetcher/20230524:/home/abi/fetcher/20230524:rw registry.salsa.debian.org/reproducible-builds/diffoscope --no-progress tmp/sndfileio-1.9.1.tar.gz tmp/sndfileio-1.9.2-py3-none-any.whl.zip --markdown 20230524/s/sndfileio/1.9.1-1.9.2/diff.md --exclude *.pyd
[2023-05-24 00:14:47] INFO root fetch - processPackages [dart-tools]: executing diffoscope
[2023-05-24 00:14:47] INFO root fetch - processPackages [dart-tools]: podman run --user 0:0 --rm -w /home/abi/fetcher -v /home/abi/fetcher/tmp:/home/abi/fetcher/tmp:ro -v /home/abi/fetcher/20230524:/home/abi/fetcher/20230524:rw registry.salsa.debian.org/reproducible-builds/diffoscope --no-progress tmp/dart-tools-0.2.0.tar.gz tmp/dart-tools-0.3.0.tar.gz --markdown 20230524/d/dart-tools/0.2.0-0.3.0/diff.md --exclude *.pyd
[2023-05-24 00:14:47] INFO root fetch - processPackages [pulpcore-client]: Downloading https://files.pythonhosted.org/packages/35/63/611a0870907086abd3a010fad88acd0236d830aac5b72032d41e66440aff/pulpcore-client-3.9.1.tar.gz
[2023-05-24 00:14:47] INFO root fetch - processPackages [pulpcore-client]: executing diffoscope
[2023-05-24 00:14:47] INFO root fetch - processPackages [pulpcore-client]: podman run --user 0:0 --rm -w /home/abi/fetcher -v /home/abi/fetcher/tmp:/home/abi/fetcher/tmp:ro -v /home/abi/fetcher/20230524:/home/abi/fetcher/20230524:rw registry.salsa.debian.org/reproducible-builds/diffoscope --no-progress tmp/pulpcore-client-3.9.0.dev1607297320.tar.gz tmp/pulpcore-client-3.9.1.tar.gz --markdown 20230524/p/pulpcore-client/3.9.0.dev1607297320-3.9.1/diff.md --exclude *.pyd
[2023-05-24 00:14:47] INFO root fetch - main [MainThread]: End processing [np-queuey]: success
[2023-05-24 00:14:48] INFO root fetch - main [MainThread]: End processing [sndfileio]: success
[2023-05-24 00:14:48] INFO root fetch - main [MainThread]: End processing [opencv-stream]: success
[2023-05-24 00:14:48] INFO root fetch - main [MainThread]: End processing [dart-tools]: success
[2023-05-24 00:14:48] INFO root fetch - main [MainThread]: End processing [dataconf]: success
[2023-05-24 00:14:48] INFO root fetch - main [MainThread]: End processing [irisml-tasks]: success
[2023-05-24 00:14:49] INFO root fetch - main [MainThread]: End processing [translateabc]: success
[2023-05-24 00:14:49] INFO root fetch - main [MainThread]: End processing [pulpcore]: success
[2023-05-24 00:14:50] INFO root fetch - main [MainThread]: End processing [pulpcore-client]: success
[2023-05-24 00:14:50] INFO root fetch - main [MainThread]: Store serial: [18220524]
[2023-05-24 00:19:54] INFO root fetch - main [MainThread]: Get Changelog since Serial: [18220524]
[2023-05-24 00:19:59] INFO root fetch - main [MainThread]: Found 3 changed packages
[2023-05-24 00:19:59] INFO root fetch - processPackages [ThreadPoolExecutor-0_0]: Start processing: hydra-zen
[2023-05-24 00:19:59] INFO root fetch - processPackages [ThreadPoolExecutor-0_1]: Start processing: rime-sdk
[2023-05-24 00:19:59] INFO root fetch - processPackages [ThreadPoolExecutor-0_2]: Start processing: np-envs
[2023-05-24 00:19:59] INFO root fetch - processPackages [np-envs]: New version: [0.1.4] Old Version: [0.1.3]
[2023-05-24 00:19:59] INFO root fetch - processPackages [hydra-zen]: New version: [0.9.1] Old Version: [0.9.0rc5]
[2023-05-24 00:19:59] INFO root fetch - processPackages [rime-sdk]: New version: [2.1.0rc4] Old Version: [2.1.0rc3]
[2023-05-24 00:19:59] INFO root fetch - processPackages [hydra-zen]: Downloading https://files.pythonhosted.org/packages/21/7e/604d7ba9ff16a283e2f50a1de89b0bf58cf1bd84b2dcbb6f6f9658b232f6/hydra_zen-0.9.0rc5.tar.gz
[2023-05-24 00:19:59] INFO root fetch - processPackages [np-envs]: Downloading https://files.pythonhosted.org/packages/54/d7/e35e2afa6e91002b1052d1999886f904a1b907c4d67ccfc08d41b4031b0b/np_envs-0.1.4.tar.gz
[2023-05-24 00:19:59] INFO root fetch - processPackages [rime-sdk]: Downloading https://files.pythonhosted.org/packages/22/f5/77b4e0ca0ccf4b4b226b47df2890ad150e9e27b9046492695be0e7a1296a/rime_sdk-2.1.0rc4.tar.gz
[2023-05-24 00:19:59] INFO root fetch - processPackages [np-envs]: executing diffoscope
[2023-05-24 00:19:59] INFO root fetch - processPackages [np-envs]: podman run --user 0:0 --rm -w /home/abi/fetcher -v /home/abi/fetcher/tmp:/home/abi/fetcher/tmp:ro -v /home/abi/fetcher/20230524:/home/abi/fetcher/20230524:rw registry.salsa.debian.org/reproducible-builds/diffoscope --no-progress tmp/np_envs-0.1.3.tar.gz tmp/np_envs-0.1.4.tar.gz --markdown 20230524/n/np-envs/0.1.3-0.1.4/diff.md --exclude *.pyd
[2023-05-24 00:20:00] INFO root fetch - processPackages [rime-sdk]: executing diffoscope
[2023-05-24 00:20:00] INFO root fetch - processPackages [rime-sdk]: podman run --user 0:0 --rm -w /home/abi/fetcher -v /home/abi/fetcher/tmp:/home/abi/fetcher/tmp:ro -v /home/abi/fetcher/20230524:/home/abi/fetcher/20230524:rw registry.salsa.debian.org/reproducible-builds/diffoscope --no-progress tmp/rime_sdk-2.1.0rc3.tar.gz tmp/rime_sdk-2.1.0rc4.tar.gz --markdown 20230524/r/rime-sdk/2.1.0rc3-2.1.0rc4/diff.md --exclude *.pyd
[2023-05-24 00:20:00] INFO root fetch - processPackages [hydra-zen]: Downloading https://files.pythonhosted.org/packages/86/3d/de492179605f70616f99c02b2d98c9d2e3234d211c4a3c11237fafe66db0/hydra_zen-0.9.1.tar.gz
[2023-05-24 00:20:00] INFO root fetch - main [MainThread]: End processing [np-envs]: success
[2023-05-24 00:20:01] INFO root fetch - processPackages [hydra-zen]: executing diffoscope
[2023-05-24 00:20:01] INFO root fetch - processPackages [hydra-zen]: podman run --user 0:0 --rm -w /home/abi/fetcher -v /home/abi/fetcher/tmp:/home/abi/fetcher/tmp:ro -v /home/abi/fetcher/20230524:/home/abi/fetcher/20230524:rw registry.salsa.debian.org/reproducible-builds/diffoscope --no-progress tmp/hydra_zen-0.9.0rc5.tar.gz tmp/hydra_zen-0.9.1.tar.gz --markdown 20230524/h/hydra-zen/0.9.0rc5-0.9.1/diff.md --exclude *.pyd
[2023-05-24 00:20:03] INFO root fetch - main [MainThread]: End processing [hydra-zen]: success
[2023-05-24 00:20:12] INFO root fetch - main [MainThread]: End processing [rime-sdk]: success
[2023-05-24 00:20:12] INFO root fetch - main [MainThread]: Store serial: [18220533]
[2023-05-24 00:25:16] INFO root fetch - main [MainThread]: Get Changelog since Serial: [18220533]
[2023-05-24 00:25:20] INFO root fetch - main [MainThread]: Found 8 changed packages
[2023-05-24 00:25:20] INFO root fetch - processPackages [ThreadPoolExecutor-0_0]: Start processing: nonebot-plugin-smallapi
[2023-05-24 00:25:20] INFO root fetch - processPackages [ThreadPoolExecutor-0_1]: Start processing: py-to-proto
[2023-05-24 00:25:20] INFO root fetch - processPackages [ThreadPoolExecutor-0_2]: Start processing: hanlp
[2023-05-24 00:25:20] INFO root fetch - processPackages [ThreadPoolExecutor-0_3]: Start processing: hexabyte-extended-info
[2023-05-24 00:25:20] INFO root fetch - processPackages [ThreadPoolExecutor-0_4]: Start processing: gadapt
[2023-05-24 00:25:20] INFO root fetch - processPackages [ThreadPoolExecutor-0_5]: Start processing: hexabyte-entropy
[2023-05-24 00:25:20] INFO root fetch - processPackages [ThreadPoolExecutor-0_6]: Start processing: calcipy
[2023-05-24 00:25:20] INFO root fetch - processPackages [ThreadPoolExecutor-0_7]: Start processing: ha-av
[2023-05-24 00:25:20] INFO root fetch - processPackages [py-to-proto]: New version: [0.2.1] Old Version: [0.2.0]
[2023-05-24 00:25:20] INFO root fetch - processPackages [nonebot-plugin-smallapi]: New version: [1.0.5] Old Version: [1.0.4]
[2023-05-24 00:25:20] WARNING root fetch - processPackages [hexabyte-entropy]: Skipping, unable to determine old version
[2023-05-24 00:25:20] INFO root fetch - main [MainThread]: End processing [hexabyte-entropy] error
[2023-05-24 00:25:20] INFO root fetch - processPackages [hanlp]: New version: [2.1.0b9] Old Version: [2.1.0b8]
[2023-05-24 00:25:20] WARNING root fetch - processPackages [gadapt]: Skipping, unable to determine old version
[2023-05-24 00:25:20] INFO root fetch - main [MainThread]: End processing [gadapt] error
[2023-05-24 00:25:20] WARNING root fetch - processPackages [hexabyte-extended-info]: Skipping, unable to determine old version
[2023-05-24 00:25:20] INFO root fetch - main [MainThread]: End processing [hexabyte-extended-info] error
[2023-05-24 00:25:20] INFO root fetch - processPackages [calcipy]: New version: [1.2.5] Old Version: [1.2.4]
[2023-05-24 00:25:20] INFO root fetch - processPackages [ha-av]: New version: [9.2.0.post1] Old Version: [9.1.1.post3]
[2023-05-24 00:25:21] INFO root fetch - processPackages [py-to-proto]: Downloading https://files.pythonhosted.org/packages/ab/47/94f9c823b1b5b0cacffc33c7796aae69901cb40e383266b72f8a45e87a6c/py_to_proto-0.2.0-py39-none-any.whl
[2023-05-24 00:25:21] INFO root fetch - processPackages [calcipy]: Downloading https://files.pythonhosted.org/packages/7f/32/46784d4fd3f3e3bc5879381fccfe70f639db7722a26f5c5f9b3692c8a343/calcipy-1.2.4.tar.gz
[2023-05-24 00:25:21] INFO root fetch - processPackages [hanlp]: Downloading https://files.pythonhosted.org/packages/61/f3/a23a0e125a1f608f73b9e68cd507a465ead98016ea38eeffd96c743f381d/hanlp-2.1.0b8.tar.gz
[2023-05-24 00:25:21] INFO root fetch - processPackages [ha-av]: Downloading https://files.pythonhosted.org/packages/ec/39/60239a364f1bc671cc320c22ab12031dc8741e378ec4e31c0d51357d4d05/ha-av-9.1.1.post3.tar.gz
[2023-05-24 00:25:21] INFO root fetch - processPackages [nonebot-plugin-smallapi]: Downloading https://files.pythonhosted.org/packages/b3/4d/8c1808741283e3fb6d11c8a3ff3bcdc576e27bc9f9c53e9b86f787edb780/nonebot_plugin_smallapi-1.0.5.tar.gz
[2023-05-24 00:25:21] INFO root fetch - processPackages [nonebot-plugin-smallapi]: executing diffoscope
[2023-05-24 00:25:21] INFO root fetch - processPackages [nonebot-plugin-smallapi]: podman run --user 0:0 --rm -w /home/abi/fetcher -v /home/abi/fetcher/tmp:/home/abi/fetcher/tmp:ro -v /home/abi/fetcher/20230524:/home/abi/fetcher/20230524:rw registry.salsa.debian.org/reproducible-builds/diffoscope --no-progress tmp/nonebot_plugin_smallapi-1.0.4.tar.gz tmp/nonebot_plugin_smallapi-1.0.5.tar.gz --markdown 20230524/n/nonebot-plugin-smallapi/1.0.4-1.0.5/diff.md --exclude *.pyd
[2023-05-24 00:25:21] INFO root fetch - processPackages [calcipy]: Downloading https://files.pythonhosted.org/packages/ca/9d/0811bc8e6db205a3d935972bbdfe0d0767040abcc41b4eaf9588c2df7a50/calcipy-1.2.5.tar.gz
[2023-05-24 00:25:21] INFO root fetch - processPackages [py-to-proto]: Downloading https://files.pythonhosted.org/packages/a2/f8/5d1f0c79430ba5cc48bf6f6d8afcc2c52068ecf166ba88c15c7af7c9d658/py_to_proto-0.2.1-py39-none-any.whl
[2023-05-24 00:25:21] INFO root fetch - processPackages [calcipy]: executing diffoscope
[2023-05-24 00:25:21] INFO root fetch - processPackages [calcipy]: podman run --user 0:0 --rm -w /home/abi/fetcher -v /home/abi/fetcher/tmp:/home/abi/fetcher/tmp:ro -v /home/abi/fetcher/20230524:/home/abi/fetcher/20230524:rw registry.salsa.debian.org/reproducible-builds/diffoscope --no-progress tmp/calcipy-1.2.4.tar.gz tmp/calcipy-1.2.5.tar.gz --markdown 20230524/c/calcipy/1.2.4-1.2.5/diff.md --exclude *.pyd
[2023-05-24 00:25:21] INFO root fetch - processPackages [hanlp]: Downloading https://files.pythonhosted.org/packages/30/90/37715b36d841aec8af03e9873fcac29380cb0f424beaa8ddc149fb980c63/hanlp-2.1.0b9.tar.gz
[2023-05-24 00:25:21] INFO root fetch - processPackages [py-to-proto]: executing diffoscope
[2023-05-24 00:25:21] INFO root fetch - processPackages [py-to-proto]: podman run --user 0:0 --rm -w /home/abi/fetcher -v /home/abi/fetcher/tmp:/home/abi/fetcher/tmp:ro -v /home/abi/fetcher/20230524:/home/abi/fetcher/20230524:rw registry.salsa.debian.org/reproducible-builds/diffoscope --no-progress tmp/py_to_proto-0.2.0-py39-none-any.whl.zip tmp/py_to_proto-0.2.1-py39-none-any.whl.zip --markdown 20230524/p/py-to-proto/0.2.0-0.2.1/diff.md --exclude *.pyd
[2023-05-24 00:25:21] INFO root fetch - processPackages [hanlp]: executing diffoscope
[2023-05-24 00:25:21] INFO root fetch - processPackages [hanlp]: podman run --user 0:0 --rm -w /home/abi/fetcher -v /home/abi/fetcher/tmp:/home/abi/fetcher/tmp:ro -v /home/abi/fetcher/20230524:/home/abi/fetcher/20230524:rw registry.salsa.debian.org/reproducible-builds/diffoscope --no-progress tmp/hanlp-2.1.0b8.tar.gz tmp/hanlp-2.1.0b9.tar.gz --markdown 20230524/h/hanlp/2.1.0b8-2.1.0b9/diff.md --exclude *.pyd
[2023-05-24 00:25:21] INFO root fetch - processPackages [ha-av]: Downloading https://files.pythonhosted.org/packages/6c/85/306d7d4e343cb8b09b9242db415536a8140f2e5640135f671531ae19113a/ha-av-9.2.0.post1.tar.gz
[2023-05-24 00:25:22] INFO root fetch - main [MainThread]: End processing [nonebot-plugin-smallapi]: success
[2023-05-24 00:25:22] INFO root fetch - processPackages [ha-av]: executing diffoscope
[2023-05-24 00:25:22] INFO root fetch - processPackages [ha-av]: podman run --user 0:0 --rm -w /home/abi/fetcher -v /home/abi/fetcher/tmp:/home/abi/fetcher/tmp:ro -v /home/abi/fetcher/20230524:/home/abi/fetcher/20230524:rw registry.salsa.debian.org/reproducible-builds/diffoscope --no-progress tmp/ha-av-9.1.1.post3.tar.gz tmp/ha-av-9.2.0.post1.tar.gz --markdown 20230524/h/ha-av/9.1.1.post3-9.2.0.post1/diff.md --exclude *.pyd
[2023-05-24 00:25:22] INFO root fetch - main [MainThread]: End processing [py-to-proto]: success
[2023-05-24 00:25:22] INFO root fetch - main [MainThread]: End processing [calcipy]: success
[2023-05-24 00:25:24] INFO root fetch - main [MainThread]: End processing [hanlp]: success
[2023-05-24 00:25:34] INFO root fetch - main [MainThread]: End processing [ha-av]: success
[2023-05-24 00:25:34] INFO root fetch - main [MainThread]: Store serial: [18220567]
[2023-05-24 00:30:38] INFO root fetch - main [MainThread]: Get Changelog since Serial: [18220567]
[2023-05-24 00:30:43] INFO root fetch - main [MainThread]: Found 5 changed packages
[2023-05-24 00:30:43] INFO root fetch - processPackages [ThreadPoolExecutor-0_0]: Start processing: autora-synthetic-data
[2023-05-24 00:30:43] INFO root fetch - processPackages [ThreadPoolExecutor-0_1]: Start processing: quantconnect-stubs
[2023-05-24 00:30:43] INFO root fetch - processPackages [ThreadPoolExecutor-0_2]: Start processing: dnastack-client-library
[2023-05-24 00:30:43] INFO root fetch - processPackages [ThreadPoolExecutor-0_3]: Start processing: caikit
[2023-05-24 00:30:43] INFO root fetch - processPackages [ThreadPoolExecutor-0_4]: Start processing: fire-opal
[2023-05-24 00:30:43] INFO root fetch - processPackages [autora-synthetic-data]: New version: [1.0.0a4] Old Version: [1.0.0a3]
[2023-05-24 00:30:43] INFO root fetch - processPackages [dnastack-client-library]: New version: [3.0.84a1651270839] Old Version: [3.0.81a1650987643]
[2023-05-24 00:30:43] INFO root fetch - processPackages [dnastack-client-library]: executing diffoscope
[2023-05-24 00:30:43] INFO root fetch - processPackages [dnastack-client-library]: podman run --user 0:0 --rm -w /home/abi/fetcher -v /home/abi/fetcher/tmp:/home/abi/fetcher/tmp:ro -v /home/abi/fetcher/20230524:/home/abi/fetcher/20230524:rw registry.salsa.debian.org/reproducible-builds/diffoscope --no-progress tmp/dnastack_client_library-3.0.81a1650987643-py3-none-any.whl.zip tmp/dnastack_client_library-3.0.84a1651270839-py3-none-any.whl.zip --markdown 20230524/d/dnastack-client-library/3.0.81a1650987643-3.0.84a1651270839/diff.md --exclude *.pyd
[2023-05-24 00:30:43] INFO root fetch - processPackages [fire-opal]: New version: [5.2.1] Old Version: [5.2.0]
[2023-05-24 00:30:43] INFO root fetch - processPackages [caikit]: New version: [0.5.1] Old Version: [0.5.0]
[2023-05-24 00:30:43] INFO root fetch - processPackages [quantconnect-stubs]: New version: [9998] Old Version: [9997]
[2023-05-24 00:30:43] INFO root fetch - processPackages [autora-synthetic-data]: Downloading https://files.pythonhosted.org/packages/e4/d4/8b6a8e77a11df540f6793036082a122ace3f90c9e78ea0b2993bda0298d5/autora-synthetic-data-1.0.0a3.tar.gz
[2023-05-24 00:30:43] INFO root fetch - processPackages [fire-opal]: Downloading https://files.pythonhosted.org/packages/f8/14/bd879a30f76a96d598562cb2eaaf4659a2215a273dac7df4578f530c1ac8/fire_opal-5.2.0.tar.gz
[2023-05-24 00:30:44] INFO root fetch - processPackages [autora-synthetic-data]: Downloading https://files.pythonhosted.org/packages/17/cf/7b46f69190e88f06ef2e616304b82ffa07308339d5ee5b35762e78107fd0/autora-synthetic-data-1.0.0a4.tar.gz
[2023-05-24 00:30:44] INFO root fetch - processPackages [caikit]: Downloading https://files.pythonhosted.org/packages/68/a4/57f873b77a25ac86e12bfd30b3688331499c0746183f9b4cc8ee92fd14d2/caikit-0.5.1.tar.gz
[2023-05-24 00:30:44] INFO root fetch - processPackages [quantconnect-stubs]: executing diffoscope
[2023-05-24 00:30:44] INFO root fetch - processPackages [quantconnect-stubs]: podman run --user 0:0 --rm -w /home/abi/fetcher -v /home/abi/fetcher/tmp:/home/abi/fetcher/tmp:ro -v /home/abi/fetcher/20230524:/home/abi/fetcher/20230524:rw registry.salsa.debian.org/reproducible-builds/diffoscope --no-progress tmp/quantconnect-stubs-9997.tar.gz tmp/quantconnect-stubs-9998.tar.gz --markdown 20230524/q/quantconnect-stubs/9997-9998/diff.md --exclude *.pyd
[2023-05-24 00:30:44] INFO root fetch - processPackages [autora-synthetic-data]: executing diffoscope
[2023-05-24 00:30:44] INFO root fetch - processPackages [autora-synthetic-data]: podman run --user 0:0 --rm -w /home/abi/fetcher -v /home/abi/fetcher/tmp:/home/abi/fetcher/tmp:ro -v /home/abi/fetcher/20230524:/home/abi/fetcher/20230524:rw registry.salsa.debian.org/reproducible-builds/diffoscope --no-progress tmp/autora-synthetic-data-1.0.0a3.tar.gz tmp/autora-synthetic-data-1.0.0a4.tar.gz --markdown 20230524/a/autora-synthetic-data/1.0.0a3-1.0.0a4/diff.md --exclude *.pyd
[2023-05-24 00:30:44] INFO root fetch - processPackages [caikit]: executing diffoscope
[2023-05-24 00:30:44] INFO root fetch - processPackages [caikit]: podman run --user 0:0 --rm -w /home/abi/fetcher -v /home/abi/fetcher/tmp:/home/abi/fetcher/tmp:ro -v /home/abi/fetcher/20230524:/home/abi/fetcher/20230524:rw registry.salsa.debian.org/reproducible-builds/diffoscope --no-progress tmp/caikit-0.5.0.tar.gz tmp/caikit-0.5.1.tar.gz --markdown 20230524/c/caikit/0.5.0-0.5.1/diff.md --exclude *.pyd
[2023-05-24 00:30:44] INFO root fetch - processPackages [fire-opal]: Downloading https://files.pythonhosted.org/packages/e8/5c/c34b05405c2eba7f47f5ad9cfa89c950eb325428fc0ba156f19839a8def6/fire_opal-5.2.1.tar.gz
[2023-05-24 00:30:44] INFO root fetch - processPackages [fire-opal]: executing diffoscope
[2023-05-24 00:30:44] INFO root fetch - processPackages [fire-opal]: podman run --user 0:0 --rm -w /home/abi/fetcher -v /home/abi/fetcher/tmp:/home/abi/fetcher/tmp:ro -v /home/abi/fetcher/20230524:/home/abi/fetcher/20230524:rw registry.salsa.debian.org/reproducible-builds/diffoscope --no-progress tmp/fire_opal-5.2.0.tar.gz tmp/fire_opal-5.2.1.tar.gz --markdown 20230524/f/fire-opal/5.2.0-5.2.1/diff.md --exclude *.pyd
[2023-05-24 00:30:45] INFO root fetch - main [MainThread]: End processing [dnastack-client-library]: success
[2023-05-24 00:30:45] INFO root fetch - main [MainThread]: End processing [autora-synthetic-data]: success
[2023-05-24 00:30:46] INFO root fetch - main [MainThread]: End processing [fire-opal]: success
[2023-05-24 00:30:46] INFO root fetch - main [MainThread]: End processing [caikit]: success
[2023-05-24 00:30:51] INFO root fetch - main [MainThread]: End processing [quantconnect-stubs]: success
[2023-05-24 00:30:51] INFO root fetch - main [MainThread]: Store serial: [18220621]
